[2026-06-10T16:29:48.298Z] GET https://mlsimport-residence.test/property-list/ → pending (?ms, ?B)
[2026-06-10T16:30:33.252Z] GET http://mlsimport-residence.test/property-list/ → pending (?ms, ?B)
[2026-06-10T16:30:39.445Z] GET http://mlsimport-residence.test/wp-content/plugins/mlsimport/public/css/mlsimport-listings.css?ver=6.3.3 → 200 (16ms, 12239B)
[2026-06-10T16:30:39.446Z] GET http://mlsimport-residence.test/wp-content/plugins/mlsimport/public/css/mlsimport-public.css?ver=6.3.3 → 200 (18ms, 1118B)
[2026-06-10T16:30:39.449Z] GET http://mlsimport-residence.test/wp-content/themes/twentytwentyfive/style.css?ver=1.0 → 200 (16ms, 2503B)
[2026-06-10T16:30:39.449Z] GET http://mlsimport-residence.test/wp-includes/js/jquery/jquery.min.js?ver=3.7.1 → 200 (24ms, 87553B)
[2026-06-10T16:30:39.450Z] GET http://mlsimport-residence.test/wp-includes/js/jquery/jquery-migrate.min.js?ver=3.4.1 → 200 (16ms, 13577B)
[2026-06-10T16:30:39.450Z] GET http://mlsimport-residence.test/wp-content/plugins/mlsimport/public/js/mlsimport-public.js?ver=6.3.3 → 200 (19ms, 871B)
[2026-06-10T16:30:39.451Z] GET http://mlsimport-residence.test/wp-includes/js/dist/script-modules/interactivity/index.min.js?ver=efaa5193bbad9c60ffd1 → 200 (62ms, 40106B)
[2026-06-10T16:30:39.451Z] GET https://mlsimport-residence.test/wp-content/uploads/2026/06/d1.jpg → pending (?ms, ?B)
[2026-06-10T16:30:39.451Z] GET https://mlsimport-residence.test/wp-content/uploads/2026/06/p1.jpg → pending (?ms, ?B)
[2026-06-10T16:30:39.451Z] GET https://mlsimport-residence.test/wp-content/uploads/2026/06/g1.jpg → pending (?ms, ?B)
[2026-06-10T16:30:39.562Z] GET http://mlsimport-residence.test/wp-content/themes/twentytwentyfive/assets/fonts/manrope/Manrope-VariableFont_wght.woff2 → 200 (214ms, 53600B)
[2026-06-10T16:30:39.711Z] GET https://photos.rmlsweb.com/webphotos/13800000/30000/8000/138388424-1.jpg → pending (?ms, ?B)
[2026-06-10T16:30:39.711Z] GET https://photos.rmlsweb.com/webphotos/14100000/30000/0000/141301935-1.jpg → pending (?ms, ?B)
[2026-06-10T16:30:39.711Z] GET https://photos.rmlsweb.com/webphotos/15100000/50000/0000/151504046-1.jpg → pending (?ms, ?B)
[2026-06-10T16:30:39.711Z] GET https://photos.rmlsweb.com/webphotos/16000000/70000/0000/160707673-1.jpg → pending (?ms, ?B)
[2026-06-10T16:30:39.715Z] GET https://photos.rmlsweb.com/webphotos/16000000/70000/2000/160725863-1.jpg → pending (?ms, ?B)
[2026-06-10T16:30:39.715Z] GET https://photos.rmlsweb.com/webphotos/16000000/90000/3000/16093656-1.jpg → pending (?ms, ?B)
[2026-06-10T16:30:39.715Z] GET https://photos.rmlsweb.com/webphotos/16100000/10000/2000/161120291-1.jpg → pending (?ms, ?B)
[2026-06-10T16:30:39.715Z] GET https://photos.rmlsweb.com/webphotos/16100000/10000/3000/161135706-1.jpg → pending (?ms, ?B)
[2026-06-10T16:30:39.715Z] GET https://photos.rmlsweb.com/webphotos/16100000/10000/6000/16116049-1.jpg → pending (?ms, ?B)
[2026-06-10T16:30:39.715Z] GET https://photos.rmlsweb.com/webphotos/16100000/90000/4000/161946729-1.jpg → pending (?ms, ?B)
[2026-06-10T16:30:39.715Z] GET https://photos.rmlsweb.com/webphotos/16100000/90000/8000/161986705-1.jpg → pending (?ms, ?B)
[2026-06-10T16:30:39.715Z] GET https://photos.rmlsweb.com/webphotos/16200000/00000/7000/162072526-1.jpg → pending (?ms, ?B)
[2026-06-10T16:30:39.715Z] GET https://photos.rmlsweb.com/webphotos/16200000/10000/1000/162117133-1.jpg → pending (?ms, ?B)
[2026-06-10T16:30:39.715Z] GET https://photos.rmlsweb.com/webphotos/16200000/20000/2000/162227178-1.jpg → pending (?ms, ?B)
[2026-06-10T16:30:39.715Z] GET https://photos.rmlsweb.com/webphotos/16200000/40000/9000/162494602-1.jpg → pending (?ms, ?B)
[2026-06-10T16:30:39.716Z] GET https://photos.rmlsweb.com/webphotos/16200000/50000/4000/162547557-1.jpg → pending (?ms, ?B)
[2026-06-10T16:30:39.716Z] GET https://photos.rmlsweb.com/webphotos/16200000/70000/8000/162782036-1.jpg → pending (?ms, ?B)
[2026-06-10T16:30:40.537Z] GET http://mlsimport-residence.test/wp-includes/js/dist/script-modules/block-library/navigation/view.min.js?ver=96a846e1d7b789c39ab9 → 200 (51ms, 3053B)
[2026-06-10T16:30:40.537Z] GET http://mlsimport-residence.test/wp-content/plugins/mlsimport/public/js/mlsimport-listings.js?ver=6.3.3 → 200 (52ms, 2834B)
[2026-06-10T16:30:40.597Z] GET blob:http://mlsimport-residence.test/1b01867e-8e78-47cd-8765-eefb4373a69d → 200 (44ms, ?B)
[2026-06-10T16:30:40.763Z] GET http://mlsimport-residence.test/wp-includes/js/wp-emoji-release.min.js?ver=7.0 → 200 (10ms, 22762B)
[2026-06-10T16:32:19.292Z] GET https://photos.rmlsweb.com/webphotos/16200000/80000/4000/162845765-1.jpg → pending (?ms, ?B)
[2026-06-10T16:32:19.292Z] GET https://photos.rmlsweb.com/webphotos/16200000/80000/8000/162889171-1.jpg → pending (?ms, ?B)
[2026-06-10T16:32:19.292Z] GET https://photos.rmlsweb.com/webphotos/16200000/90000/2000/162926972-1.jpg → pending (?ms, ?B)
[2026-06-10T16:32:19.293Z] GET https://photos.rmlsweb.com/webphotos/16300000/20000/8000/163287973-1.jpg → pending (?ms, ?B)
[2026-06-10T16:32:19.294Z] GET https://photos.rmlsweb.com/webphotos/16300000/40000/3000/163431521-1.jpg → pending (?ms, ?B)
[2026-06-10T16:32:19.294Z] GET https://photos.rmlsweb.com/webphotos/16300000/50000/9000/163599510-1.jpg → pending (?ms, ?B)
[2026-06-10T16:32:19.294Z] GET https://photos.rmlsweb.com/webphotos/16300000/90000/1000/163914066-1.jpg → pending (?ms, ?B)
[2026-06-10T16:32:19.295Z] GET https://photos.rmlsweb.com/webphotos/16400000/00000/6000/164061966-1.jpg → pending (?ms, ?B)
[2026-06-10T16:32:19.295Z] GET https://photos.rmlsweb.com/webphotos/16400000/10000/1000/164111181-1.jpg → pending (?ms, ?B)
